<?xml version="1.0" encoding="UTF-8" ?>
<testsuite failures="0" time="0.003" errors="0" skipped="0" tests="5" name="ubadb.core.common.TransactionIdTest">
  <properties>
[...]
</properties>
  <testcase time="0" classname="ubadb.core.common.TransactionIdTest" name="equalsTrueSameObject"/>
  <testcase time="0" classname="ubadb.core.common.TransactionIdTest" name="equalsTrueOtherObject"/>
  <testcase time="0" classname="ubadb.core.common.TransactionIdTest" name="equalsFalseNullObject"/>
  <testcase time="0" classname="ubadb.core.common.TransactionIdTest" name="equalsFalseDifferentType"/>
  <testcase time="0" classname="ubadb.core.common.TransactionIdTest" name="equalsFalseDifferentObject"/>
</testsuite>